Containers:
  [+] MainContainer:
   |            ID: 0x0000000000000000
   |        Bounds: IsValid=false, Min=(X=0.000 Y=0.000 Z=0.000), Max=(X=0.000 Y=0.000 Z=0.000)
   |     Transform: 0.000000,0.000000,0.000000|0.000000,0.000000,-0.000000|1.000000,1.000000,1.000000
   |     Container: /Game/TopDown/Maps/TopDownMap
   |  ActorDescs:
   |      - Guid:0F4324B34E091887A24AD9995AE727D1 Class:StaticMeshActor Name:StaticMeshActor_23 SpatiallyLoaded:true Bounds:IsValid=true, Min=(X=1310.000 Y=-1590.000 Z=0.000), Max=(X=1410.000 Y=1710.000 Z=400.000) RuntimeGrid:None EditorOnly:false LevelBoundsRelevant:true HLODRelevant:true FolderPath:Playground FolderGuid:9FE5E8B349AF71F05F2688921F3F2AC5 Parent:00000000000000000000000000000000
   |      - Guid:147C8D134B12D635012D5F8C57D2C96F Class:PostProcessVolume Name:PostProcessVolume_1 SpatiallyLoaded:false Bounds:IsValid=true, Min=(X=-100.000 Y=-100.000 Z=-100.000), Max=(X=100.000 Y=100.000 Z=100.000) RuntimeGrid:None EditorOnly:false LevelBoundsRelevant:false HLODRelevant:false FolderPath:Lighting FolderGuid:4C9334684BA61B42C769F799D2576455 Parent:00000000000000000000000000000000
   |      - Guid:1742DF43475F097453197AA79C7473D9 Class:SkyLight Name:SkyLight_1 SpatiallyLoaded:false Bounds:IsValid=true, Min=(X=0.000 Y=0.000 Z=0.000), Max=(X=0.000 Y=0.000 Z=0.000) RuntimeGrid:None EditorOnly:false LevelBoundsRelevant:false HLODRelevant:false FolderPath:Lighting FolderGuid:4C9334684BA61B42C769F799D2576455 Parent:00000000000000000000000000000000
   |      - Guid:1FEC8FAC495CEF0CE32492ADCBB96BAE Class:NavLinkProxy Name:NavLinkProxy_3 SpatiallyLoaded:true Bounds:IsValid=true, Min=(X=2490.000 Y=0.000 Z=0.000), Max=(X=2490.000 Y=0.000 Z=0.000) RuntimeGrid:None EditorOnly:false LevelBoundsRelevant:true HLODRelevant:false FolderPath:Navigation FolderGuid:AE45D61F453CC144CF8289862C276E89 Parent:00000000000000000000000000000000
   |      - Guid:2169CB5C470E0E674279BA96829753DD Class:StaticMeshActor Name:StaticMeshActor_17 SpatiallyLoaded:true Bounds:IsValid=true, Min=(X=-1590.000 Y=-1690.000 Z=-50.000), Max=(X=1410.000 Y=1810.000 Z=0.000) RuntimeGrid:None EditorOnly:false LevelBoundsRelevant:true HLODRelevant:true FolderPath:Playground FolderGuid:9FE5E8B349AF71F05F2688921F3F2AC5 Parent:00000000000000000000000000000000
   |      - Guid:2DF0D95440BE0EDA81652F860DC7268E Class:WorldDataLayers Name:WorldDataLayers SpatiallyLoaded:false Bounds:IsValid=true, Min=(X=0.000 Y=0.000 Z=0.000), Max=(X=0.000 Y=0.000 Z=0.000) RuntimeGrid:None EditorOnly:false LevelBoundsRelevant:false HLODRelevant:false FolderPath:None FolderGuid:00000000000000000000000000000000 Parent:00000000000000000000000000000000
   |      - Guid:306929B142C99B3AD97B3C9F251C2129 Class:StaticMeshActor Name:StaticMeshActor_22 SpatiallyLoaded:true Bounds:IsValid=true, Min=(X=-1590.000 Y=-1590.000 Z=0.000), Max=(X=-1490.000 Y=1710.000 Z=400.000) RuntimeGrid:None EditorOnly:false LevelBoundsRelevant:true HLODRelevant:true FolderPath:Playground FolderGuid:9FE5E8B349AF71F05F2688921F3F2AC5 Parent:00000000000000000000000000000000
   |      - Guid:AECEEEE741E6DE68F6843FA49564A956 Class:DirectionalLight Name:DirectionalLight_1 SpatiallyLoaded:false Bounds:IsValid=true, Min=(X=-1048576.000 Y=-1048576.000 Z=-1048576.000), Max=(X=1048576.000 Y=1048576.000 Z=1048576.000) RuntimeGrid:None EditorOnly:false LevelBoundsRelevant:false HLODRelevant:false FolderPath:Lighting FolderGuid:4C9334684BA61B42C769F799D2576455 Parent:00000000000000000000000000000000
   |      - Guid:C96A42FB2940690F2F62CBB20BD1C716 Class:Actor Name:PlayerProjectile_C_UAID_3C7D0A0A1F48BB5A01_1350668111 SpatiallyLoaded:true Bounds:IsValid=true, Min=(X=14.000 Y=84.000 Z=19.000), Max=(X=26.000 Y=96.000 Z=20.000) RuntimeGrid:None EditorOnly:false LevelBoundsRelevant:true HLODRelevant:false FolderPath:None FolderGuid:00000000000000000000000000000000 Parent:00000000000000000000000000000000
   |      - Guid:CCDD89584E0A9025F52AEDA51D60CA54 Class:NavMeshBoundsVolume Name:NavMeshBoundsVolume_1 SpatiallyLoaded:false Bounds:IsValid=true, Min=(X=2474.000 Y=-18.500 Z=-2.500), Max=(X=2506.000 Y=18.500 Z=2.500) RuntimeGrid:None EditorOnly:false LevelBoundsRelevant:false HLODRelevant:false FolderPath:Navigation FolderGuid:AE45D61F453CC144CF8289862C276E89 Parent:00000000000000000000000000000000
   |      - Guid:E9F51259425B785A35C436A5559AD7B4 Class:StaticMeshActor Name:StaticMeshActor_19 SpatiallyLoaded:true Bounds:IsValid=true, Min=(X=-1590.000 Y=1710.000 Z=0.000), Max=(X=1410.000 Y=1810.000 Z=400.000) RuntimeGrid:None EditorOnly:false LevelBoundsRelevant:true HLODRelevant:true FolderPath:Playground FolderGuid:9FE5E8B349AF71F05F2688921F3F2AC5 Parent:00000000000000000000000000000000
   |      - Guid:ED702DEB4F4A6D94A5DB4F9C337C2079 Class:TextRenderActor Name:TextRenderActor_0 SpatiallyLoaded:true Bounds:IsValid=true, Min=(X=0.000 Y=0.000 Z=-75.000), Max=(X=0.000 Y=1125.000 Z=75.000) RuntimeGrid:None EditorOnly:false LevelBoundsRelevant:true HLODRelevant:false FolderPath:None FolderGuid:00000000000000000000000000000000 Parent:00000000000000000000000000000000
   |      - Guid:F07559B14CE9ADE1215992AA417A945E Class:StaticMeshActor Name:StaticMeshActor_18 SpatiallyLoaded:true Bounds:IsValid=true, Min=(X=-1590.000 Y=-1690.000 Z=0.000), Max=(X=1410.000 Y=-1590.000 Z=400.000) RuntimeGrid:None EditorOnly:false LevelBoundsRelevant:true HLODRelevant:true FolderPath:Playground FolderGuid:9FE5E8B349AF71F05F2688921F3F2AC5 Parent:00000000000000000000000000000000
   |      - Guid:F2F112F59A4EA1B0558FA196DD12B64D Class:Actor Name:Ship_C_UAID_3C7D0A0A1F485C5A01_1915621391 SpatiallyLoaded:true Bounds:IsValid=true, Min=(X=-15.000 Y=-15.000 Z=-0.500), Max=(X=15.000 Y=15.000 Z=0.000) RuntimeGrid:None EditorOnly:false LevelBoundsRelevant:true HLODRelevant:false FolderPath:None FolderGuid:00000000000000000000000000000000 Parent:00000000000000000000000000000000
   |      - Guid:F33CC5014C49925B3A9D52A063AF483F Class:PlayerStart Name:PlayerStart_0 SpatiallyLoaded:false Bounds:IsValid=true, Min=(X=-40.000 Y=-40.000 Z=-92.000), Max=(X=40.000 Y=40.000 Z=92.000) RuntimeGrid:None EditorOnly:false LevelBoundsRelevant:true HLODRelevant:false FolderPath:None FolderGuid:00000000000000000000000000000000 Parent:00000000000000000000000000000000
